
> staff-emandme@0.1.0 dev
> next dev

   ▲ Next.js 15.5.12
   - Local:        http://localhost:3000
   - Network:      http://10.0.0.242:3000
   - Environments: .env

 ✓ Starting...
 ✓ Ready in 1490ms
 ○ Compiling /middleware ...
 ✓ Compiled /middleware in 645ms (257 modules)
 ○ Compiling /api/auth/[...nextauth] ...
 ✓ Compiled /api/auth/[...nextauth] in 1458ms (438 modules)
[31m[auth][error][0m UnknownAction: Unsupported action. Read more at https://errors.authjs.dev#unknownaction
    at Object.signin (webpack-internal:///(rsc)/./node_modules/next-auth/node_modules/@auth/core/lib/pages/index.js:66:23)
    at AuthInternal (webpack-internal:///(rsc)/./node_modules/next-auth/node_modules/@auth/core/lib/index.js:53:31)
    at async Auth (webpack-internal:///(rsc)/./node_modules/next-auth/node_modules/@auth/core/index.js:130:34)
    at async AppRouteRouteModule.do (C:\Users\alext\OneDrive\Desktop\staff-emandme\node_modules\next\dist\compiled\next-server\app-route.runtime.dev.js:5:38696)
    at async AppRouteRouteModule.handle (C:\Users\alext\OneDrive\Desktop\staff-emandme\node_modules\next\dist\compiled\next-server\app-route.runtime.dev.js:5:45978)
    at async responseGenerator (webpack-internal:///(rsc)/./node_modules/next/dist/build/webpack/loaders/next-app-loader/index.js?name=app%2Fapi%2Fauth%2F%5B...nextauth%5D%2Froute&page=%2Fapi%2Fauth%2F%5B...nextauth%5D%2Froute&appPaths=&pagePath=private-next-app-dir%2Fapi%2Fauth%2F%5B...nextauth%5D%2Froute.ts&appDir=C%3A%5CUsers%5Calext%5COneDrive%5CDesktop%5Cstaff-emandme%5Csrc%5Capp&pageExtensions=tsx&pageExtensions=ts&pageExtensions=jsx&pageExtensions=js&rootDir=C%3A%5CUsers%5Calext%5COneDrive%5CDesktop%5Cstaff-emandme&isDev=true&tsconfigPath=tsconfig.json&basePath=&assetPrefix=&nextConfigOutput=&preferredRegion=&middlewareConfig=e30%3D&isGlobalNotFoundEnabled=!:203:38)
    at async AppRouteRouteModule.handleResponse (C:\Users\alext\OneDrive\Desktop\staff-emandme\node_modules\next\dist\compiled\next-server\app-route.runtime.dev.js:1:195179)
    at async handleResponse (webpack-internal:///(rsc)/./node_modules/next/dist/build/webpack/loaders/next-app-loader/index.js?name=app%2Fapi%2Fauth%2F%5B...nextauth%5D%2Froute&page=%2Fapi%2Fauth%2F%5B...nextauth%5D%2Froute&appPaths=&pagePath=private-next-app-dir%2Fapi%2Fauth%2F%5B...nextauth%5D%2Froute.ts&appDir=C%3A%5CUsers%5Calext%5COneDrive%5CDesktop%5Cstaff-emandme%5Csrc%5Capp&pageExtensions=tsx&pageExtensions=ts&pageExtensions=jsx&pageExtensions=js&rootDir=C%3A%5CUsers%5Calext%5COneDrive%5CDesktop%5Cstaff-emandme&isDev=true&tsconfigPath=tsconfig.json&basePath=&assetPrefix=&nextConfigOutput=&preferredRegion=&middlewareConfig=e30%3D&isGlobalNotFoundEnabled=!:265:32)
    at async handler (webpack-internal:///(rsc)/./node_modules/next/dist/build/webpack/loaders/next-app-loader/index.js?name=app%2Fapi%2Fauth%2F%5B...nextauth%5D%2Froute&page=%2Fapi%2Fauth%2F%5B...nextauth%5D%2Froute&appPaths=&pagePath=private-next-app-dir%2Fapi%2Fauth%2F%5B...nextauth%5D%2Froute.ts&appDir=C%3A%5CUsers%5Calext%5COneDrive%5CDesktop%5Cstaff-emandme%5Csrc%5Capp&pageExtensions=tsx&pageExtensions=ts&pageExtensions=jsx&pageExtensions=js&rootDir=C%3A%5CUsers%5Calext%5COneDrive%5CDesktop%5Cstaff-emandme&isDev=true&tsconfigPath=tsconfig.json&basePath=&assetPrefix=&nextConfigOutput=&preferredRegion=&middlewareConfig=e30%3D&isGlobalNotFoundEnabled=!:317:13)
    at async DevServer.renderToResponseWithComponentsImpl (C:\Users\alext\OneDrive\Desktop\staff-emandme\node_modules\next\dist\server\base-server.js:1422:9)
    at async DevServer.renderPageComponent (C:\Users\alext\OneDrive\Desktop\staff-emandme\node_modules\next\dist\server\base-server.js:1474:24)
    at async DevServer.renderToResponseImpl (C:\Users\alext\OneDrive\Desktop\staff-emandme\node_modules\next\dist\server\base-server.js:1514:32)
    at async DevServer.pipeImpl (C:\Users\alext\OneDrive\Desktop\staff-emandme\node_modules\next\dist\server\base-server.js:1025:25)
    at async NextNodeServer.handleCatchallRenderRequest (C:\Users\alext\OneDrive\Desktop\staff-emandme\node_modules\next\dist\server\next-server.js:393:17)
    at async DevServer.handleRequestImpl (C:\Users\alext\OneDrive\Desktop\staff-emandme\node_modules\next\dist\server\base-server.js:916:17)
    at async C:\Users\alext\OneDrive\Desktop\staff-emandme\node_modules\next\dist\server\dev\next-dev-server.js:400:20
    at async Span.traceAsyncFn (C:\Users\alext\OneDrive\Desktop\staff-emandme\node_modules\next\dist\trace\trace.js:157:20)
    at async DevServer.handleRequest (C:\Users\alext\OneDrive\Desktop\staff-emandme\node_modules\next\dist\server\dev\next-dev-server.js:396:24)
    at async invokeRender (C:\Users\alext\OneDrive\Desktop\staff-emandme\node_modules\next\dist\server\lib\router-server.js:240:21)
    at async handleRequest (C:\Users\alext\OneDrive\Desktop\staff-emandme\node_modules\next\dist\server\lib\router-server.js:437:24)
    at async requestHandlerImpl (C:\Users\alext\OneDrive\Desktop\staff-emandme\node_modules\next\dist\server\lib\router-server.js:485:13)
    at async Server.requestListener (C:\Users\alext\OneDrive\Desktop\staff-emandme\node_modules\next\dist\server\lib\start-server.js:226:13)
 GET /api/auth/signin/google 302 in 2380ms
 ✓ Compiled in 244ms (500 modules)
