
> staff-emandme@0.1.0 dev
> next dev

   ▲ Next.js 15.5.12
   - Local:        http://localhost:3000
   - Network:      http://10.0.0.242:3000
   - Environments: .env

 ✓ Starting...
 ✓ Ready in 1488ms
 ○ Compiling /middleware ...
 ✓ Compiled /middleware in 668ms (257 modules)
 ○ Compiling /login ...
 ✓ Compiled /login in 3.4s (761 modules)
 GET /login?callbackUrl=%2F 200 in 1371ms
 POST /login?callbackUrl=%2F 303 in 143ms
 ✓ Compiled /api/auth/[...nextauth] in 329ms (757 modules)
[31m[auth][error][0m CallbackRouteError: Read more at https://errors.authjs.dev#callbackrouteerror
[31m[auth][cause][0m: ResponseBodyError: server responded with an error in the response body
    at checkOAuthBodyError (webpack-internal:///(rsc)/./node_modules/oauth4webapi/build/index.js:1033:19)
    at process.processTicksAndRejections (node:internal/process/task_queues:95:5)
    at async processGenericAccessTokenResponse (webpack-internal:///(rsc)/./node_modules/oauth4webapi/build/index.js:1312:5)
    at async processAuthorizationCodeOpenIDResponse (webpack-internal:///(rsc)/./node_modules/oauth4webapi/build/index.js:1515:20)
    at async handleOAuth (webpack-internal:///(rsc)/./node_modules/next-auth/node_modules/@auth/core/lib/actions/callback/oauth/callback.js:173:35)
    at async Module.callback (webpack-internal:///(rsc)/./node_modules/next-auth/node_modules/@auth/core/lib/actions/callback/index.js:47:41)
    at async AuthInternal (webpack-internal:///(rsc)/./node_modules/next-auth/node_modules/@auth/core/lib/index.js:43:24)
    at async Auth (webpack-internal:///(rsc)/./node_modules/next-auth/node_modules/@auth/core/index.js:130:34)
    at async AppRouteRouteModule.do (C:\Users\alext\OneDrive\Desktop\staff-emandme\node_modules\next\dist\compiled\next-server\app-route.runtime.dev.js:5:38696)
    at async AppRouteRouteModule.handle (C:\Users\alext\OneDrive\Desktop\staff-emandme\node_modules\next\dist\compiled\next-server\app-route.runtime.dev.js:5:45978)
    at async responseGenerator (webpack-internal:///(rsc)/./node_modules/next/dist/build/webpack/loaders/next-app-loader/index.js?name=app%2Fapi%2Fauth%2F%5B...nextauth%5D%2Froute&page=%2Fapi%2Fauth%2F%5B...nextauth%5D%2Froute&appPaths=&pagePath=private-next-app-dir%2Fapi%2Fauth%2F%5B...nextauth%5D%2Froute.ts&appDir=C%3A%5CUsers%5Calext%5COneDrive%5CDesktop%5Cstaff-emandme%5Csrc%5Capp&pageExtensions=tsx&pageExtensions=ts&pageExtensions=jsx&pageExtensions=js&rootDir=C%3A%5CUsers%5Calext%5COneDrive%5CDesktop%5Cstaff-emandme&isDev=true&tsconfigPath=tsconfig.json&basePath=&assetPrefix=&nextConfigOutput=&preferredRegion=&middlewareConfig=e30%3D&isGlobalNotFoundEnabled=!:203:38)
    at async AppRouteRouteModule.handleResponse (C:\Users\alext\OneDrive\Desktop\staff-emandme\node_modules\next\dist\compiled\next-server\app-route.runtime.dev.js:1:195179)
    at async handleResponse (webpack-internal:///(rsc)/./node_modules/next/dist/build/webpack/loaders/next-app-loader/index.js?name=app%2Fapi%2Fauth%2F%5B...nextauth%5D%2Froute&page=%2Fapi%2Fauth%2F%5B...nextauth%5D%2Froute&appPaths=&pagePath=private-next-app-dir%2Fapi%2Fauth%2F%5B...nextauth%5D%2Froute.ts&appDir=C%3A%5CUsers%5Calext%5COneDrive%5CDesktop%5Cstaff-emandme%5Csrc%5Capp&pageExtensions=tsx&pageExtensions=ts&pageExtensions=jsx&pageExtensions=js&rootDir=C%3A%5CUsers%5Calext%5COneDrive%5CDesktop%5Cstaff-emandme&isDev=true&tsconfigPath=tsconfig.json&basePath=&assetPrefix=&nextConfigOutput=&preferredRegion=&middlewareConfig=e30%3D&isGlobalNotFoundEnabled=!:265:32)
    at async handler (webpack-internal:///(rsc)/./node_modules/next/dist/build/webpack/loaders/next-app-loader/index.js?name=app%2Fapi%2Fauth%2F%5B...nextauth%5D%2Froute&page=%2Fapi%2Fauth%2F%5B...nextauth%5D%2Froute&appPaths=&pagePath=private-next-app-dir%2Fapi%2Fauth%2F%5B...nextauth%5D%2Froute.ts&appDir=C%3A%5CUsers%5Calext%5COneDrive%5CDesktop%5Cstaff-emandme%5Csrc%5Capp&pageExtensions=tsx&pageExtensions=ts&pageExtensions=jsx&pageExtensions=js&rootDir=C%3A%5CUsers%5Calext%5COneDrive%5CDesktop%5Cstaff-emandme&isDev=true&tsconfigPath=tsconfig.json&basePath=&assetPrefix=&nextConfigOutput=&preferredRegion=&middlewareConfig=e30%3D&isGlobalNotFoundEnabled=!:317:13)
    at async DevServer.renderToResponseWithComponentsImpl (C:\Users\alext\OneDrive\Desktop\staff-emandme\node_modules\next\dist\server\base-server.js:1422:9)
    at async DevServer.renderPageComponent (C:\Users\alext\OneDrive\Desktop\staff-emandme\node_modules\next\dist\server\base-server.js:1474:24)
    at async DevServer.renderToResponseImpl (C:\Users\alext\OneDrive\Desktop\staff-emandme\node_modules\next\dist\server\base-server.js:1514:32)
    at async DevServer.pipeImpl (C:\Users\alext\OneDrive\Desktop\staff-emandme\node_modules\next\dist\server\base-server.js:1025:25)
    at async NextNodeServer.handleCatchallRenderRequest (C:\Users\alext\OneDrive\Desktop\staff-emandme\node_modules\next\dist\server\next-server.js:393:17)
    at async DevServer.handleRequestImpl (C:\Users\alext\OneDrive\Desktop\staff-emandme\node_modules\next\dist\server\base-server.js:916:17)
    at async C:\Users\alext\OneDrive\Desktop\staff-emandme\node_modules\next\dist\server\dev\next-dev-server.js:400:20
    at async Span.traceAsyncFn (C:\Users\alext\OneDrive\Desktop\staff-emandme\node_modules\next\dist\trace\trace.js:157:20)
    at async DevServer.handleRequest (C:\Users\alext\OneDrive\Desktop\staff-emandme\node_modules\next\dist\server\dev\next-dev-server.js:396:24)
    at async invokeRender (C:\Users\alext\OneDrive\Desktop\staff-emandme\node_modules\next\dist\server\lib\router-server.js:240:21)
    at async handleRequest (C:\Users\alext\OneDrive\Desktop\staff-emandme\node_modules\next\dist\server\lib\router-server.js:437:24)
    at async requestHandlerImpl (C:\Users\alext\OneDrive\Desktop\staff-emandme\node_modules\next\dist\server\lib\router-server.js:485:13)
    at async Server.requestListener (C:\Users\alext\OneDrive\Desktop\staff-emandme\node_modules\next\dist\server\lib\start-server.js:226:13)
[31m[auth][details][0m: {
  "error": "invalid_client",
  "error_description": "Unauthorized",
  "provider": "google"
}
 GET /api/auth/callback/google?iss=https%3A%2F%2Faccounts.google.com&code=4%2F0AfrIepCvahMiya-Jv-A94Iepbr7-geDNcNXDg5YrhlvHxkulAnhZPiUd6Ye4So8Y0bbeDg&scope=email+profile+https%3A%2F%2Fwww.googleapis.com%2Fauth%2Fuserinfo.profile+https%3A%2F%2Fwww.googleapis.com%2Fauth%2Fuserinfo.email+openid&authuser=0&hd=emandme.studio&prompt=consent 302 in 1171ms
 GET /login?error=Configuration 200 in 152ms
 ○ Compiling /_not-found ...
 ✓ Compiled /_not-found in 590ms (748 modules)
 ⨯ [Error: ENOENT: no such file or directory, open 'C:\Users\alext\OneDrive\Desktop\staff-emandme\.next\routes-manifest.json'] {
  errno: -4058,
  code: 'ENOENT',
  syscall: 'open',
  path: 'C:\\Users\\alext\\OneDrive\\Desktop\\staff-emandme\\.next\\routes-manifest.json'
}
 ○ Compiling /_error ...
 ✓ Compiled /_error in 1339ms (1094 modules)
 ⨯ [Error: ENOENT: no such file or directory, open 'C:\Users\alext\OneDrive\Desktop\staff-emandme\.next\routes-manifest.json'] {
  errno: -4058,
  code: 'ENOENT',
  syscall: 'open',
  path: 'C:\\Users\\alext\\OneDrive\\Desktop\\staff-emandme\\.next\\routes-manifest.json'
}
 ⨯ [Error: ENOENT: no such file or directory, open 'C:\Users\alext\OneDrive\Desktop\staff-emandme\.next\routes-manifest.json'] {
  errno: -4058,
  code: 'ENOENT',
  syscall: 'open',
  path: 'C:\\Users\\alext\\OneDrive\\Desktop\\staff-emandme\\.next\\routes-manifest.json',
  page: '/login'
}
 ⨯ [Error: ENOENT: no such file or directory, open 'C:\Users\alext\OneDrive\Desktop\staff-emandme\.next\routes-manifest.json'] {
  errno: -4058,
  code: 'ENOENT',
  syscall: 'open',
  path: 'C:\\Users\\alext\\OneDrive\\Desktop\\staff-emandme\\.next\\routes-manifest.json'
}
[Error: ENOENT: no such file or directory, open 'C:\Users\alext\OneDrive\Desktop\staff-emandme\.next\routes-manifest.json'] {
  errno: -4058,
  code: 'ENOENT',
  syscall: 'open',
  path: 'C:\\Users\\alext\\OneDrive\\Desktop\\staff-emandme\\.next\\routes-manifest.json'
}
 ⨯ [Error: ENOENT: no such file or directory, open 'C:\Users\alext\OneDrive\Desktop\staff-emandme\.next\routes-manifest.json'] {
  errno: -4058,
  code: 'ENOENT',
  syscall: 'open',
  path: 'C:\\Users\\alext\\OneDrive\\Desktop\\staff-emandme\\.next\\routes-manifest.json'
}
[Error: ENOENT: no such file or directory, open 'C:\Users\alext\OneDrive\Desktop\staff-emandme\.next\routes-manifest.json'] {
  errno: -4058,
  code: 'ENOENT',
  syscall: 'open',
  path: 'C:\\Users\\alext\\OneDrive\\Desktop\\staff-emandme\\.next\\routes-manifest.json',
  page: '/login'
}
 ⨯ [Error: ENOENT: no such file or directory, open 'C:\Users\alext\OneDrive\Desktop\staff-emandme\.next\routes-manifest.json'] {
  errno: -4058,
  code: 'ENOENT',
  syscall: 'open',
  path: 'C:\\Users\\alext\\OneDrive\\Desktop\\staff-emandme\\.next\\routes-manifest.json'
}
[Error: ENOENT: no such file or directory, open 'C:\Users\alext\OneDrive\Desktop\staff-emandme\.next\routes-manifest.json'] {
  errno: -4058,
  code: 'ENOENT',
  syscall: 'open',
  path: 'C:\\Users\\alext\\OneDrive\\Desktop\\staff-emandme\\.next\\routes-manifest.json'
}
 GET /login?error=Configuration 500 in 5170ms
 GET /login?error=Configuration 500 in 308ms
 GET /login?error=Configuration 500 in 1650ms
 GET /login?error=Configuration 500 in 51ms
 ⨯ [Error: ENOENT: no such file or directory, open 'C:\Users\alext\OneDrive\Desktop\staff-emandme\.next\routes-manifest.json'] {
  errno: -4058,
  code: 'ENOENT',
  syscall: 'open',
  path: 'C:\\Users\\alext\\OneDrive\\Desktop\\staff-emandme\\.next\\routes-manifest.json'
}
 ✓ Compiled /favicon.ico in 330ms (1094 modules)
[Error: ENOENT: no such file or directory, open 'C:\Users\alext\OneDrive\Desktop\staff-emandme\.next\routes-manifest.json'] {
  errno: -4058,
  code: 'ENOENT',
  syscall: 'open',
  path: 'C:\\Users\\alext\\OneDrive\\Desktop\\staff-emandme\\.next\\routes-manifest.json'
}
 ⨯ [Error: ENOENT: no such file or directory, open 'C:\Users\alext\OneDrive\Desktop\staff-emandme\.next\routes-manifest.json'] {
  errno: -4058,
  code: 'ENOENT',
  syscall: 'open',
  path: 'C:\\Users\\alext\\OneDrive\\Desktop\\staff-emandme\\.next\\routes-manifest.json',
  page: '/favicon.ico'
}
 GET /favicon.ico 500 in 459ms
 ⨯ [Error: ENOENT: no such file or directory, open 'C:\Users\alext\OneDrive\Desktop\staff-emandme\.next\routes-manifest.json'] {
  errno: -4058,
  code: 'ENOENT',
  syscall: 'open',
  path: 'C:\\Users\\alext\\OneDrive\\Desktop\\staff-emandme\\.next\\routes-manifest.json',
  page: '/login'
}
 ⨯ [Error: ENOENT: no such file or directory, open 'C:\Users\alext\OneDrive\Desktop\staff-emandme\.next\routes-manifest.json'] {
  errno: -4058,
  code: 'ENOENT',
  syscall: 'open',
  path: 'C:\\Users\\alext\\OneDrive\\Desktop\\staff-emandme\\.next\\routes-manifest.json'
}
[Error: ENOENT: no such file or directory, open 'C:\Users\alext\OneDrive\Desktop\staff-emandme\.next\routes-manifest.json'] {
  errno: -4058,
  code: 'ENOENT',
  syscall: 'open',
  path: 'C:\\Users\\alext\\OneDrive\\Desktop\\staff-emandme\\.next\\routes-manifest.json',
  page: '/login'
}
 ⨯ [Error: ENOENT: no such file or directory, open 'C:\Users\alext\OneDrive\Desktop\staff-emandme\.next\routes-manifest.json'] {
  errno: -4058,
  code: 'ENOENT',
  syscall: 'open',
  path: 'C:\\Users\\alext\\OneDrive\\Desktop\\staff-emandme\\.next\\routes-manifest.json'
}
[Error: ENOENT: no such file or directory, open 'C:\Users\alext\OneDrive\Desktop\staff-emandme\.next\routes-manifest.json'] {
  errno: -4058,
  code: 'ENOENT',
  syscall: 'open',
  path: 'C:\\Users\\alext\\OneDrive\\Desktop\\staff-emandme\\.next\\routes-manifest.json'
}
 GET /login?error=Configuration 500 in 905ms
 GET /login?error=Configuration 500 in 273ms
 ⨯ [Error: ENOENT: no such file or directory, open 'C:\Users\alext\OneDrive\Desktop\staff-emandme\.next\routes-manifest.json'] {
  errno: -4058,
  code: 'ENOENT',
  syscall: 'open',
  path: 'C:\\Users\\alext\\OneDrive\\Desktop\\staff-emandme\\.next\\routes-manifest.json',
  page: '/favicon.ico'
}
 GET /favicon.ico 500 in 60ms
 ⨯ [Error: ENOENT: no such file or directory, open 'C:\Users\alext\OneDrive\Desktop\staff-emandme\.next\routes-manifest.json'] {
  errno: -4058,
  code: 'ENOENT',
  syscall: 'open',
  path: 'C:\\Users\\alext\\OneDrive\\Desktop\\staff-emandme\\.next\\routes-manifest.json',
  page: '/login'
}
 ⨯ [Error: ENOENT: no such file or directory, open 'C:\Users\alext\OneDrive\Desktop\staff-emandme\.next\routes-manifest.json'] {
  errno: -4058,
  code: 'ENOENT',
  syscall: 'open',
  path: 'C:\\Users\\alext\\OneDrive\\Desktop\\staff-emandme\\.next\\routes-manifest.json'
}
[Error: ENOENT: no such file or directory, open 'C:\Users\alext\OneDrive\Desktop\staff-emandme\.next\routes-manifest.json'] {
  errno: -4058,
  code: 'ENOENT',
  syscall: 'open',
  path: 'C:\\Users\\alext\\OneDrive\\Desktop\\staff-emandme\\.next\\routes-manifest.json',
  page: '/login'
}
 ⨯ [Error: ENOENT: no such file or directory, open 'C:\Users\alext\OneDrive\Desktop\staff-emandme\.next\routes-manifest.json'] {
  errno: -4058,
  code: 'ENOENT',
  syscall: 'open',
  path: 'C:\\Users\\alext\\OneDrive\\Desktop\\staff-emandme\\.next\\routes-manifest.json'
}
[Error: ENOENT: no such file or directory, open 'C:\Users\alext\OneDrive\Desktop\staff-emandme\.next\routes-manifest.json'] {
  errno: -4058,
  code: 'ENOENT',
  syscall: 'open',
  path: 'C:\\Users\\alext\\OneDrive\\Desktop\\staff-emandme\\.next\\routes-manifest.json'
}
 GET /login?error=Configuration 500 in 845ms
 GET /login?error=Configuration 500 in 262ms
 ⨯ [Error: ENOENT: no such file or directory, open 'C:\Users\alext\OneDrive\Desktop\staff-emandme\.next\routes-manifest.json'] {
  errno: -4058,
  code: 'ENOENT',
  syscall: 'open',
  path: 'C:\\Users\\alext\\OneDrive\\Desktop\\staff-emandme\\.next\\routes-manifest.json',
  page: '/favicon.ico'
}
 GET /favicon.ico 500 in 60ms
 ⨯ [Error: ENOENT: no such file or directory, open 'C:\Users\alext\OneDrive\Desktop\staff-emandme\.next\routes-manifest.json'] {
  errno: -4058,
  code: 'ENOENT',
  syscall: 'open',
  path: 'C:\\Users\\alext\\OneDrive\\Desktop\\staff-emandme\\.next\\routes-manifest.json',
  page: '/login'
}
 ⨯ [Error: ENOENT: no such file or directory, open 'C:\Users\alext\OneDrive\Desktop\staff-emandme\.next\routes-manifest.json'] {
  errno: -4058,
  code: 'ENOENT',
  syscall: 'open',
  path: 'C:\\Users\\alext\\OneDrive\\Desktop\\staff-emandme\\.next\\routes-manifest.json'
}
[Error: ENOENT: no such file or directory, open 'C:\Users\alext\OneDrive\Desktop\staff-emandme\.next\routes-manifest.json'] {
  errno: -4058,
  code: 'ENOENT',
  syscall: 'open',
  path: 'C:\\Users\\alext\\OneDrive\\Desktop\\staff-emandme\\.next\\routes-manifest.json',
  page: '/login'
}
 ⨯ [Error: ENOENT: no such file or directory, open 'C:\Users\alext\OneDrive\Desktop\staff-emandme\.next\routes-manifest.json'] {
  errno: -4058,
  code: 'ENOENT',
  syscall: 'open',
  path: 'C:\\Users\\alext\\OneDrive\\Desktop\\staff-emandme\\.next\\routes-manifest.json'
}
[Error: ENOENT: no such file or directory, open 'C:\Users\alext\OneDrive\Desktop\staff-emandme\.next\routes-manifest.json'] {
  errno: -4058,
  code: 'ENOENT',
  syscall: 'open',
  path: 'C:\\Users\\alext\\OneDrive\\Desktop\\staff-emandme\\.next\\routes-manifest.json'
}
 GET /login?callbackUrl=%2F 500 in 767ms
 GET /login?callbackUrl=%2F 500 in 263ms
 ⨯ [Error: ENOENT: no such file or directory, open 'C:\Users\alext\OneDrive\Desktop\staff-emandme\.next\routes-manifest.json'] {
  errno: -4058,
  code: 'ENOENT',
  syscall: 'open',
  path: 'C:\\Users\\alext\\OneDrive\\Desktop\\staff-emandme\\.next\\routes-manifest.json',
  page: '/login'
}
 ⨯ [Error: ENOENT: no such file or directory, open 'C:\Users\alext\OneDrive\Desktop\staff-emandme\.next\routes-manifest.json'] {
  errno: -4058,
  code: 'ENOENT',
  syscall: 'open',
  path: 'C:\\Users\\alext\\OneDrive\\Desktop\\staff-emandme\\.next\\routes-manifest.json'
}
[Error: ENOENT: no such file or directory, open 'C:\Users\alext\OneDrive\Desktop\staff-emandme\.next\routes-manifest.json'] {
  errno: -4058,
  code: 'ENOENT',
  syscall: 'open',
  path: 'C:\\Users\\alext\\OneDrive\\Desktop\\staff-emandme\\.next\\routes-manifest.json',
  page: '/login'
}
 ⨯ [Error: ENOENT: no such file or directory, open 'C:\Users\alext\OneDrive\Desktop\staff-emandme\.next\routes-manifest.json'] {
  errno: -4058,
  code: 'ENOENT',
  syscall: 'open',
  path: 'C:\\Users\\alext\\OneDrive\\Desktop\\staff-emandme\\.next\\routes-manifest.json'
}
[Error: ENOENT: no such file or directory, open 'C:\Users\alext\OneDrive\Desktop\staff-emandme\.next\routes-manifest.json'] {
  errno: -4058,
  code: 'ENOENT',
  syscall: 'open',
  path: 'C:\\Users\\alext\\OneDrive\\Desktop\\staff-emandme\\.next\\routes-manifest.json'
}
 GET /login?callbackUrl=%2F 500 in 801ms
 GET /login?callbackUrl=%2F 500 in 271ms
 ⨯ [Error: ENOENT: no such file or directory, open 'C:\Users\alext\OneDrive\Desktop\staff-emandme\.next\routes-manifest.json'] {
  errno: -4058,
  code: 'ENOENT',
  syscall: 'open',
  path: 'C:\\Users\\alext\\OneDrive\\Desktop\\staff-emandme\\.next\\routes-manifest.json',
  page: '/favicon.ico'
}
 GET /favicon.ico 500 in 49ms
[?25h
